<?xml version="1.0" encoding="UTF-8"?>
<!-- Generated by org.testng.reporters.JUnitXMLReporter -->
<testsuite hostname="LAPTOP-4LN1AE6I" failures="0" tests="3" name="Validating the homepage" time="40.548" errors="0" timestamp="20 Jul 2020 04:16:41 GMT">
  <testcase classname="Academy.E2EProject.HomePage" name="mainHomePage" time="13.434"/>
  <testcase classname="Academy.E2EProject.HomePage" name="mainHomePage" time="8.138"/>
  <testcase classname="Academy.E2EProject.HomePage" name="mainHomePage" time="7.603"/>
</testsuite> <!-- Validating the homepage -->
